<?xml version="1.0" encoding="UTF-8"?>
<!-- Generated by org.testng.reporters.JUnitXMLReporter -->
<testsuite hostname="LAPTOP-U08S3ANA" ignored="0" name="Default test" tests="3" failures="0" timestamp="04 Jun 2020 22:23:18 GMT" time="21.992" errors="0">
  <testcase name="verifySignUplinkTest" time="7.842" classname="com.qa.hubspot.tests.LoginPageTest"/>
  <testcase name="verifyloginPageTitleTest" time="0.085" classname="com.qa.hubspot.tests.LoginPageTest"/>
  <testcase name="loginTest" time="6.062" classname="com.qa.hubspot.tests.LoginPageTest"/>
</testsuite> <!-- Default test -->
