<?xml version="1.0" encoding="UTF-8"?>
<!-- Generated by org.testng.reporters.JUnitXMLReporter -->
<testsuite hostname="LAPTOP-U08S3ANA" ignored="0" name="Default test" tests="3" failures="0" timestamp="26 May 2020 17:44:33 GMT" time="17.339" errors="0">
  <testcase name="verifySignUplinkTest" time="4.504" classname="com.qa.hubspot.tests.LoginPageTest"/>
  <testcase name="verifyloginPageTitleTest" time="0.016" classname="com.qa.hubspot.tests.LoginPageTest"/>
  <testcase name="loginTest" time="5.822" classname="com.qa.hubspot.tests.LoginPageTest"/>
</testsuite> <!-- Default test -->
