<?xml version="1.0" encoding="UTF-8"?>
<!-- Generated by org.testng.reporters.JUnitXMLReporter -->
<testsuite hostname="LAPTOP-U08S3ANA" ignored="0" name="Home page Test" tests="3" failures="0" timestamp="26 May 2020 18:03:03 GMT" time="15.014" errors="0">
  <testcase name="verifyHomePageHeaderTest" time="0.065" classname="com.qa.hubspot.tests.HomePageTest"/>
  <testcase name="verifyHomePageTitleTest" time="0.002" classname="com.qa.hubspot.tests.HomePageTest"/>
  <testcase name="verifyLogoTest" time="0.046" classname="com.qa.hubspot.tests.HomePageTest"/>
</testsuite> <!-- Home page Test -->
