<?xml version="1.0" encoding="UTF-8"?>
<!-- Generated by org.testng.reporters.JUnitXMLReporter -->
<testsuite hostname="LAPTOP-U08S3ANA" ignored="0" name="Login page Test" tests="3" failures="0" timestamp="26 May 2020 18:02:48 GMT" time="16.014" errors="0">
  <testcase name="verifySignUplinkTest" time="4.441" classname="com.qa.hubspot.tests.LoginPageTest"/>
  <testcase name="verifyloginPageTitleTest" time="0.0" classname="com.qa.hubspot.tests.LoginPageTest"/>
  <testcase name="loginTest" time="5.69" classname="com.qa.hubspot.tests.LoginPageTest"/>
</testsuite> <!-- Login page Test -->
