<?xml version="1.0" encoding="UTF-8"?>
<!-- Generated by org.testng.reporters.JUnitXMLReporter -->
<testsuite hostname="LAPTOP-U08S3ANA" ignored="0" name="Home Page Test" tests="4" failures="0" timestamp="04 Jun 2020 22:28:08 GMT" time="21.44" errors="0">
  <testcase name="verifyHomePageTitleTest" time="0.223" classname="com.qa.hubspot.tests.HomePageTest"/>
  <testcase name="verifyHomePageHeaderTest" time="0.225" classname="com.qa.hubspot.tests.HomePageTest"/>
  <testcase name="verifyAcctmenuAvatarTest" time="0.09" classname="com.qa.hubspot.tests.HomePageTest"/>
  <testcase name="verifyLogoTest" time="0.075" classname="com.qa.hubspot.tests.HomePageTest"/>
</testsuite> <!-- Home Page Test -->
