<?xml version="1.0" encoding="UTF-8"?>
<!-- Generated by org.testng.reporters.JUnitXMLReporter -->
<testsuite hostname="LAPTOP-U08S3ANA" ignored="0" name="Login Page Test" tests="3" failures="0" timestamp="04 Jun 2020 22:28:08 GMT" time="20.957" errors="0">
  <testcase name="verifySignUplinkTest" time="6.108" classname="com.qa.hubspot.tests.LoginPageTest"/>
  <testcase name="verifyloginPageTitleTest" time="0.047" classname="com.qa.hubspot.tests.LoginPageTest"/>
  <testcase name="loginTest" time="6.593" classname="com.qa.hubspot.tests.LoginPageTest"/>
</testsuite> <!-- Login Page Test -->
